p/554.jpg 1 0 0 109 108
p/553.jpg 1 0 0 271 186
p/552.jpg 1 0 0 330 275
p/551.jpg 1 0 0 154 128
p/550.jpg 1 0 0 178 148
p/549.jpg 1 0 0 186 156
p/548.jpg 1 0 0 184 154
p/547.jpg 1 0 0 215 179
p/546.jpg 1 0 0 172 144
p/545.jpg 1 0 0 170 142
p/544.jpg 1 0 0 226 188
p/543.jpg 1 0 0 105 88
p/542.jpg 1 0 0 117 98
p/541.jpg 1 0 0 140 116
p/540.jpg 1 0 0 161 135
p/539.jpg 1 0 0 130 108
p/538.jpg 1 0 0 186 156
p/537.jpg 1 0 0 197 164
p/536.jpg 1 0 0 205 171
p/535.jpg 1 0 0 36 30
p/534.jpg 1 0 0 60 50
p/533.jpg 1 0 0 41 34
p/532.jpg 1 0 0 54 45
p/531.jpg 1 0 0 154 128
p/530.jpg 1 0 0 49 41
p/529.jpg 1 0 0 56 47
p/528.jpg 1 0 0 58 48
p/527.jpg 1 0 0 68 58
p/526.jpg 1 0 0 65 54
p/525.jpg 1 0 0 49 41
p/524.jpg 1 0 0 62 52
p/523.jpg 1 0 0 54 45
p/522.jpg 1 0 0 58 48
p/521.jpg 1 0 0 61 50
p/520.jpg 1 0 0 78 65
p/519.jpg 1 0 0 57 48
p/518.jpg 1 0 0 32 26
p/517.jpg 1 0 0 62 52
p/516.jpg 1 0 0 54 45
p/515.jpg 1 0 0 62 52
p/514.jpg 1 0 0 62 52
p/513.jpg 1 0 0 72 60
p/512.jpg 1 0 0 76 63
p/511.jpg 1 0 0 75 63
p/510.jpg 1 0 0 76 63
p/509.jpg 1 0 0 154 128
p/508.jpg 1 0 0 81 68
p/507.jpg 1 0 0 55 46
p/506.jpg 1 0 0 83 69
p/505.jpg 1 0 0 72 60
p/504.jpg 1 0 0 49 41
p/503.jpg 1 0 0 85 71
p/502.jpg 1 0 0 54 45
p/501.jpg 1 0 0 54 45
p/500.jpg 1 0 0 43 35
p/499.jpg 1 0 0 57 47
p/498.jpg 1 0 0 85 71
p/497.jpg 1 0 0 62 52
p/496.jpg 1 0 0 72 60
p/495.jpg 1 0 0 193 161
p/494.jpg 1 0 0 254 211
p/493.jpg 1 0 0 215 179
p/492.jpg 1 0 0 51 43
p/491.jpg 1 0 0 226 188
p/490.jpg 1 0 0 100 84
p/489.jpg 1 0 0 107 89
p/488.jpg 1 0 0 89 74
p/487.jpg 1 0 0 87 72
p/486.jpg 1 0 0 86 72
p/485.jpg 1 0 0 96 80
p/484.jpg 1 0 0 83 69
p/483.jpg 1 0 0 94 79
p/482.jpg 1 0 0 150 126
p/481.jpg 1 0 0 49 41
p/480.jpg 1 0 0 91 76
p/479.jpg 1 0 0 172 144
p/478.jpg 1 0 0 170 142
p/477.jpg 1 0 0 76 63
p/476.jpg 1 0 0 186 156
p/475.jpg 1 0 0 72 60
p/474.jpg 1 0 0 150 126
p/473.jpg 1 0 0 236 197
p/472.jpg 1 0 0 205 171
p/471.jpg 1 0 0 209 174
p/470.jpg 1 0 0 55 46
p/469.jpg 1 0 0 159 132
p/468.jpg 1 0 0 178 149
p/467.jpg 1 0 0 153 128
p/466.jpg 1 0 0 223 186
p/465.jpg 1 0 0 202 169
p/464.jpg 1 0 0 171 143
p/463.jpg 1 0 0 217 181
p/462.jpg 1 0 0 201 167
p/461.jpg 1 0 0 208 174
p/460.jpg 1 0 0 196 163
p/459.jpg 1 0 0 60 50
p/458.jpg 1 0 0 305 254
p/457.jpg 1 0 0 252 210
p/456.jpg 1 0 0 238 198
p/455.jpg 1 0 0 252 210
p/454.jpg 1 0 0 242 202
p/453.jpg 1 0 0 227 190
p/452.jpg 1 0 0 51 43
p/451.jpg 1 0 0 178 148
p/450.jpg 1 0 0 217 181
p/449.jpg 1 0 0 229 191
p/448.jpg 1 0 0 110 92
p/447.jpg 1 0 0 124 104
p/446.jpg 1 0 0 128 107
p/445.jpg 1 0 0 141 118
p/444.jpg 1 0 0 141 117
p/443.jpg 1 0 0 134 112
p/442.jpg 1 0 0 148 124
p/441.jpg 1 0 0 110 92
p/440.jpg 1 0 0 117 98
p/439.jpg 1 0 0 134 111
p/438.jpg 1 0 0 143 119
p/437.jpg 1 0 0 117 98
p/436.jpg 1 0 0 140 117
p/435.jpg 1 0 0 215 179
p/434.jpg 1 0 0 131 110
p/433.jpg 1 0 0 186 156
p/432.jpg 1 0 0 215 179
p/431.jpg 1 0 0 178 149
p/430.jpg 1 0 0 170 141
p/429.jpg 1 0 0 166 138
p/428.jpg 1 0 0 208 173
p/427.jpg 1 0 0 196 164
p/426.jpg 1 0 0 216 180
p/425.jpg 1 0 0 161 135
p/424.jpg 1 0 0 138 114
p/423.jpg 1 0 0 126 106
p/422.jpg 1 0 0 141 118
p/421.jpg 1 0 0 138 115
p/420.jpg 1 0 0 127 106
p/419.jpg 1 0 0 152 126
p/418.jpg 1 0 0 150 126
p/417.jpg 1 0 0 142 118
p/416.jpg 1 0 0 207 173
p/415.jpg 1 0 0 96 81
p/414.jpg 1 0 0 168 141
p/413.jpg 1 0 0 148 123
p/412.jpg 1 0 0 190 158
p/411.jpg 1 0 0 238 198
p/410.jpg 1 0 0 79 66
p/409.jpg 1 0 0 79 66
p/408.jpg 1 0 0 91 76
p/407.jpg 1 0 0 107 90
p/406.jpg 1 0 0 96 80
p/405.jpg 1 0 0 105 88
p/404.jpg 1 0 0 107 90
p/403.jpg 1 0 0 95 79
p/402.jpg 1 0 0 113 95
p/401.jpg 1 0 0 105 88
p/400.jpg 1 0 0 95 80
p/399.jpg 1 0 0 94 79
p/398.jpg 1 0 0 100 83
p/397.jpg 1 0 0 106 88
p/396.jpg 1 0 0 96 80
p/395.jpg 1 0 0 93 78
p/394.jpg 1 0 0 111 93
p/393.jpg 1 0 0 106 88
p/392.jpg 1 0 0 195 163
p/391.jpg 1 0 0 128 107
p/390.jpg 1 0 0 108 91
p/389.jpg 1 0 0 102 85
p/388.jpg 1 0 0 108 90
p/387.jpg 1 0 0 103 87
p/386.jpg 1 0 0 103 86
p/385.jpg 1 0 0 126 105
p/384.jpg 1 0 0 106 88
p/383.jpg 1 0 0 154 128
p/382.jpg 1 0 0 116 97
p/381.jpg 1 0 0 60 50
p/380.jpg 1 0 0 113 95
p/379.jpg 1 0 0 119 100
p/378.jpg 1 0 0 111 93
p/377.jpg 1 0 0 112 93
p/376.jpg 1 0 0 120 101
p/375.jpg 1 0 0 112 94
p/374.jpg 1 0 0 113 94
p/373.jpg 1 0 0 100 84
p/372.jpg 1 0 0 113 95
p/371.jpg 1 0 0 117 98
p/370.jpg 1 0 0 80 67
p/369.jpg 1 0 0 122 102
p/368.jpg 1 0 0 109 91
p/367.jpg 1 0 0 122 102
p/366.jpg 1 0 0 98 82
p/365.jpg 1 0 0 100 84
p/364.jpg 1 0 0 110 92
p/363.jpg 1 0 0 93 78
p/362.jpg 1 0 0 111 93
p/361.jpg 1 0 0 127 106
p/360.jpg 1 0 0 116 96
p/359.jpg 1 0 0 66 55
p/358.jpg 1 0 0 110 92
p/357.jpg 1 0 0 127 106
p/356.jpg 1 0 0 226 188
p/355.jpg 1 0 0 39 32
p/354.jpg 1 0 0 62 52
p/353.jpg 1 0 0 54 45
p/352.jpg 1 0 0 53 44
p/351.jpg 1 0 0 51 43
p/350.jpg 1 0 0 54 45
p/349.jpg 1 0 0 49 41
p/348.jpg 1 0 0 92 76
p/347.jpg 1 0 0 55 46
p/346.jpg 1 0 0 51 43
p/345.jpg 1 0 0 55 46
p/344.jpg 1 0 0 55 46
p/343.jpg 1 0 0 53 45
p/342.jpg 1 0 0 56 48
p/341.jpg 1 0 0 58 48
p/340.jpg 1 0 0 53 45
p/339.jpg 1 0 0 54 44
p/338.jpg 1 0 0 53 44
p/337.jpg 1 0 0 140 116
p/336.jpg 1 0 0 54 45
p/335.jpg 1 0 0 50 41
p/334.jpg 1 0 0 55 45
p/333.jpg 1 0 0 47 39
p/332.jpg 1 0 0 57 47
p/331.jpg 1 0 0 72 60
p/330.jpg 1 0 0 178 149
p/329.jpg 1 0 0 75 63
p/328.jpg 1 0 0 116 96
p/327.jpg 1 0 0 58 48
p/326.jpg 1 0 0 95 80
p/325.jpg 1 0 0 60 50
p/324.jpg 1 0 0 152 126
p/323.jpg 1 0 0 174 145
p/322.jpg 1 0 0 61 51
p/321.jpg 1 0 0 238 198
p/320.jpg 1 0 0 220 184
p/319.jpg 1 0 0 226 189
p/318.jpg 1 0 0 248 207
p/317.jpg 1 0 0 60 50
p/316.jpg 1 0 0 140 116
p/315.jpg 1 0 0 104 87
p/314.jpg 1 0 0 147 122
p/313.jpg 1 0 0 154 128
p/312.jpg 1 0 0 103 87
p/311.jpg 1 0 0 154 128
p/310.jpg 1 0 0 147 122
p/309.jpg 1 0 0 142 118
p/308.jpg 1 0 0 147 123
p/307.jpg 1 0 0 136 113
p/306.jpg 1 0 0 150 125
p/305.jpg 1 0 0 154 129
p/304.jpg 1 0 0 68 57
p/303.jpg 1 0 0 182 152
p/302.jpg 1 0 0 149 124
p/301.jpg 1 0 0 154 128
p/300.jpg 1 0 0 172 143
p/299.jpg 1 0 0 156 130
p/298.jpg 1 0 0 169 141
p/297.jpg 1 0 0 157 131
p/296.jpg 1 0 0 160 134
p/295.jpg 1 0 0 185 154
p/294.jpg 1 0 0 186 156
p/293.jpg 1 0 0 248 207
p/292.jpg 1 0 0 187 156
p/291.jpg 1 0 0 192 160
p/290.jpg 1 0 0 210 175
p/289.jpg 1 0 0 216 180
p/288.jpg 1 0 0 224 186
p/287.jpg 1 0 0 213 177
p/286.jpg 1 0 0 52 43
p/285.jpg 1 0 0 54 45
p/284.jpg 1 0 0 57 47
p/283.jpg 1 0 0 57 47
p/282.jpg 1 0 0 83 69
p/281.jpg 1 0 0 65 54
p/280.jpg 1 0 0 73 61
p/279.jpg 1 0 0 45 37
p/278.jpg 1 0 0 143 119
p/277.jpg 1 0 0 154 128
p/276.jpg 1 0 0 130 108
p/275.jpg 1 0 0 248 207
p/274.jpg 1 0 0 147 122
p/273.jpg 1 0 0 96 80
p/272.jpg 1 0 0 91 76
p/271.jpg 1 0 0 147 122
p/270.jpg 1 0 0 110 92
p/269.jpg 1 0 0 216 180
p/268.jpg 1 0 0 238 198
p/267.jpg 1 0 0 197 164
p/266.jpg 1 0 0 172 144
p/265.jpg 1 0 0 248 207
p/264.jpg 1 0 0 190 158
p/263.jpg 1 0 0 300 250
p/262.jpg 1 0 0 238 199
p/261.jpg 1 0 0 226 185
p/260.jpg 1 0 0 133 111
p/259.jpg 1 0 0 130 108
p/258.jpg 1 0 0 147 122
p/257.jpg 1 0 0 147 123
p/256.jpg 1 0 0 147 122
p/255.jpg 1 0 0 140 116
p/254.jpg 1 0 0 104 87
p/253.jpg 1 0 0 165 138
p/252.jpg 1 0 0 178 148
p/251.jpg 1 0 0 178 148
p/250.jpg 1 0 0 58 48
p/249.jpg 1 0 0 57 48
p/248.jpg 1 0 0 236 197
p/247.jpg 1 0 0 57 47
p/246.jpg 1 0 0 63 52
p/245.jpg 1 0 0 55 46
p/244.jpg 1 0 0 61 51
p/243.jpg 1 0 0 61 51
p/242.jpg 1 0 0 68 57
p/241.jpg 1 0 0 72 60
p/240.jpg 1 0 0 76 63
p/239.jpg 1 0 0 127 106
p/238.jpg 1 0 0 127 106
p/237.jpg 1 0 0 106 88
p/236.jpg 1 0 0 157 131
p/235.jpg 1 0 0 195 163
p/234.jpg 1 0 0 261 218
p/233.jpg 1 0 0 70 59
p/232.jpg 1 0 0 110 92
p/231.jpg 1 0 0 127 106
p/230.jpg 1 0 0 140 116
p/229.jpg 1 0 0 83 69
p/228.jpg 1 0 0 125 105
p/227.jpg 1 0 0 96 80
p/226.jpg 1 0 0 100 84
p/225.jpg 1 0 0 147 122
p/224.jpg 1 0 0 100 84
p/223.jpg 1 0 0 136 113
p/222.jpg 1 0 0 196 164
p/221.jpg 1 0 0 94 79
p/220.jpg 1 0 0 154 128
p/219.jpg 1 0 0 127 106
p/218.jpg 1 0 0 110 92
p/217.jpg 1 0 0 110 92
p/216.jpg 1 0 0 94 79
p/215.jpg 1 0 0 78 65
p/214.jpg 1 0 0 97 81
p/213.jpg 1 0 0 87 72
p/212.jpg 1 0 0 170 142
p/211.jpg 1 0 0 69 57
p/210.jpg 1 0 0 110 92
p/209.jpg 1 0 0 74 62
p/208.jpg 1 0 0 96 80
p/207.jpg 1 0 0 72 60
p/206.jpg 1 0 0 100 84
p/205.jpg 1 0 0 103 86
p/204.jpg 1 0 0 60 50
p/203.jpg 1 0 0 72 60
p/202.jpg 1 0 0 68 58
p/201.jpg 1 0 0 72 60
p/200.jpg 1 0 0 178 149
p/199.jpg 1 0 0 105 88
p/198.jpg 1 0 0 73 61
p/197.jpg 1 0 0 98 82
p/196.jpg 1 0 0 91 76
p/195.jpg 1 0 0 170 142
p/194.jpg 1 0 0 75 63
p/193.jpg 1 0 0 116 97
p/192.jpg 1 0 0 178 148
p/191.jpg 1 0 0 117 98
p/190.jpg 1 0 0 162 135
p/189.jpg 1 0 0 72 61
p/188.jpg 1 0 0 111 93
p/187.jpg 1 0 0 127 106
p/186.jpg 1 0 0 105 88
p/185.jpg 1 0 0 133 111
p/184.jpg 1 0 0 170 142
p/183.jpg 1 0 0 119 99
p/182.jpg 1 0 0 106 89
p/181.jpg 1 0 0 112 94
p/180.jpg 1 0 0 120 100
p/179.jpg 1 0 0 103 87
p/178.jpg 1 0 0 120 100
p/177.jpg 1 0 0 147 122
p/176.jpg 1 0 0 196 163
p/175.jpg 1 0 0 139 116
p/174.jpg 1 0 0 120 100
p/173.jpg 1 0 0 110 92
p/172.jpg 1 0 0 122 102
p/171.jpg 1 0 0 72 60
p/170.jpg 1 0 0 127 106
p/169.jpg 1 0 0 128 107
p/168.jpg 1 0 0 141 118
p/167.jpg 1 0 0 77 64
p/166.jpg 1 0 0 144 120
p/165.jpg 1 0 0 140 116
p/164.jpg 1 0 0 138 116
p/163.jpg 1 0 0 132 110
p/162.jpg 1 0 0 129 107
p/161.jpg 1 0 0 123 103
p/160.jpg 1 0 0 128 106
p/159.jpg 1 0 0 133 111
p/158.jpg 1 0 0 153 128
p/157.jpg 1 0 0 137 115
p/156.jpg 1 0 0 140 116
p/155.jpg 1 0 0 162 135
p/154.jpg 1 0 0 130 108
p/153.jpg 1 0 0 142 118
p/152.jpg 1 0 0 121 101
p/151.jpg 1 0 0 139 116
p/150.jpg 1 0 0 154 129
p/149.jpg 1 0 0 161 135
p/148.jpg 1 0 0 116 96
p/147.jpg 1 0 0 51 43
p/146.jpg 1 0 0 53 44
p/145.jpg 1 0 0 252 210
p/144.jpg 1 0 0 57 47
p/143.jpg 1 0 0 57 47
p/142.jpg 1 0 0 57 47
p/141.jpg 1 0 0 61 51
p/140.jpg 1 0 0 56 47
p/139.jpg 1 0 0 66 56
p/138.jpg 1 0 0 60 50
p/137.jpg 1 0 0 69 58
p/136.jpg 1 0 0 61 51
p/135.jpg 1 0 0 61 51
p/134.jpg 1 0 0 68 57
p/133.jpg 1 0 0 67 56
p/132.jpg 1 0 0 64 53
p/131.jpg 1 0 0 69 57
p/130.jpg 1 0 0 77 64
p/129.jpg 1 0 0 64 53
p/128.jpg 1 0 0 96 80
p/127.jpg 1 0 0 75 63
p/126.jpg 1 0 0 70 58
p/125.jpg 1 0 0 91 76
p/124.jpg 1 0 0 54 45
p/123.jpg 1 0 0 139 116
p/122.jpg 1 0 0 77 64
p/121.jpg 1 0 0 66 55
p/120.jpg 1 0 0 78 65
p/119.jpg 1 0 0 79 66
p/118.jpg 1 0 0 57 47
p/117.jpg 1 0 0 55 46
p/116.jpg 1 0 0 58 48
p/115.jpg 1 0 0 205 171
p/114.jpg 1 0 0 57 47
p/113.jpg 1 0 0 315 262
p/112.jpg 1 0 0 205 171
p/111.jpg 1 0 0 184 153
p/110.jpg 1 0 0 500 222
p/109.jpg 1 0 0 178 97
p/108.jpg 1 0 0 127 69
p/107.jpg 1 0 0 138 75
p/106.jpg 1 0 0 127 69
p/105.jpg 1 0 0 80 43
p/104.jpg 1 0 0 124 67
p/103.jpg 1 0 0 146 79
p/102.jpg 1 0 0 248 134
p/101.jpg 1 0 0 116 63
p/100.jpg 1 0 0 153 83
p/99.jpg 1 0 0 116 63
p/98.jpg 1 0 0 157 85
p/97.jpg 1 0 0 80 43
p/96.jpg 1 0 0 102 55
p/95.jpg 1 0 0 66 35
p/94.jpg 1 0 0 98 53
p/93.jpg 1 0 0 120 65
p/92.jpg 1 0 0 175 95
p/91.jpg 1 0 0 76 41
p/90.jpg 1 0 0 167 91
p/89.jpg 1 0 0 84 45
p/88.jpg 1 0 0 142 77
p/87.jpg 1 0 0 80 43
p/86.jpg 1 0 0 76 41
p/85.jpg 1 0 0 138 75
p/84.jpg 1 0 0 178 97
p/83.jpg 1 0 0 153 83
p/82.jpg 1 0 0 120 65
p/81.jpg 1 0 0 157 85
p/80.jpg 1 0 0 226 122
p/79.jpg 1 0 0 102 55
p/78.jpg 1 0 0 106 57
p/77.jpg 1 0 0 109 59
p/76.jpg 1 0 0 135 73
p/75.jpg 1 0 0 95 51
p/74.jpg 1 0 0 222 120
p/73.jpg 1 0 0 124 67
p/72.jpg 1 0 0 120 65
p/71.jpg 1 0 0 153 83
p/70.jpg 1 0 0 153 83
p/69.jpg 1 0 0 102 55
p/68.jpg 1 0 0 138 75
p/67.jpg 1 0 0 167 91
p/66.jpg 1 0 0 98 53
p/65.jpg 1 0 0 76 41
p/64.jpg 1 0 0 149 81
p/63.jpg 1 0 0 76 41
p/62.jpg 1 0 0 84 45
p/61.jpg 1 0 0 102 55
p/60.jpg 1 0 0 73 39
p/59.jpg 1 0 0 87 47
p/58.jpg 1 0 0 113 61
p/57.jpg 1 0 0 113 61
p/56.jpg 1 0 0 207 112
p/55.jpg 1 0 0 167 91
p/54.jpg 1 0 0 138 75
p/53.jpg 1 0 0 160 87
p/52.jpg 1 0 0 51 21
p/51.jpg 1 0 0 157 85
p/50.jpg 1 0 0 189 103
p/49.jpg 1 0 0 80 43
p/48.jpg 1 0 0 73 39
p/47.jpg 1 0 0 248 134
p/46.jpg 1 0 0 244 132
p/45.jpg 1 0 0 255 138
p/44.jpg 1 0 0 80 43
p/43.jpg 1 0 0 251 136
p/42.jpg 1 0 0 91 49
p/41.jpg 1 0 0 284 154
p/40.jpg 1 0 0 157 85
p/39.jpg 1 0 0 193 105
p/38.jpg 1 0 0 237 128
p/37.jpg 1 0 0 200 108
p/36.jpg 1 0 0 146 79
p/35.jpg 1 0 0 215 89
p/34.jpg 1 0 0 84 35
p/33.jpg 1 0 0 138 58
p/32.jpg 1 0 0 186 77
p/31.jpg 1 0 0 186 77
p/30.jpg 1 0 0 73 30
p/29.jpg 1 0 0 255 106
p/28.jpg 1 0 0 64 27
p/27.jpg 1 0 0 73 30
p/26.jpg 1 0 0 80 50
p/25.jpg 1 0 0 70 28
p/24.jpg 1 0 0 164 102
p/23.jpg 1 0 0 92 39
p/22.jpg 1 0 0 66 41
p/21.jpg 1 0 0 207 130
p/20.jpg 1 0 0 95 59
p/19.jpg 1 0 0 62 39
p/18.jpg 1 0 0 146 91
p/17.jpg 1 0 0 84 52
p/16.jpg 1 0 0 138 86
p/15.jpg 1 0 0 142 89
p/14.jpg 1 0 0 64 25
p/13.jpg 1 0 0 51 51
p/12.jpg 1 0 0 56 56
p/11.jpg 1 0 0 171 171
p/10.jpg 1 0 0 158 158
p/9.jpg 1 0 0 123 123
p/8.jpg 1 0 0 107 107
p/7.jpg 1 0 0 132 132
p/6.jpg 1 0 0 161 161
p/5.jpg 1 0 0 110 110
p/4.jpg 1 0 0 110 110
p/3.jpg 1 0 0 44 34
p/2.jpg 1 0 0 1143 670
p/1.jpg 1 0 0 1238 635
p/i472.jpg 1 0 0 193 161
p/i471.jpg 1 0 0 254 211
p/i470.jpg 1 0 0 215 179
p/i469.jpg 1 0 0 226 188
p/i468.jpg 1 0 0 100 84
p/i467.jpg 1 0 0 107 89
p/i466.jpg 1 0 0 89 74
p/i465.jpg 1 0 0 87 72
p/i464.jpg 1 0 0 86 72
p/i463.jpg 1 0 0 96 80
p/i462.jpg 1 0 0 83 69
p/i461.jpg 1 0 0 94 79
p/i460.jpg 1 0 0 150 126
p/i459.jpg 1 0 0 91 76
p/i458.jpg 1 0 0 172 144
p/i457.jpg 1 0 0 170 142
p/i456.jpg 1 0 0 76 63
p/i455.jpg 1 0 0 186 156
p/i454.jpg 1 0 0 72 60
p/i453.jpg 1 0 0 150 126
p/i452.jpg 1 0 0 236 197
p/i451.jpg 1 0 0 205 171
p/i450.jpg 1 0 0 209 174
p/i449.jpg 1 0 0 159 132
p/i448.jpg 1 0 0 178 149
p/i447.jpg 1 0 0 153 128
p/i446.jpg 1 0 0 223 186
p/i445.jpg 1 0 0 202 169
p/i444.jpg 1 0 0 171 143
p/i443.jpg 1 0 0 217 181
p/i442.jpg 1 0 0 201 167
p/i441.jpg 1 0 0 208 174
p/i440.jpg 1 0 0 196 163
p/i439.jpg 1 0 0 305 254
p/i438.jpg 1 0 0 252 210
p/i437.jpg 1 0 0 238 198
p/i436.jpg 1 0 0 252 210
p/i435.jpg 1 0 0 242 202
p/i434.jpg 1 0 0 227 190
p/i433.jpg 1 0 0 51 43
p/i432.jpg 1 0 0 178 148
p/i431.jpg 1 0 0 217 181
p/i430.jpg 1 0 0 229 191
p/i429.jpg 1 0 0 124 104
p/i428.jpg 1 0 0 128 107
p/i427.jpg 1 0 0 141 118
p/i426.jpg 1 0 0 141 117
p/i425.jpg 1 0 0 134 112
p/i424.jpg 1 0 0 148 124
p/i423.jpg 1 0 0 110 92
p/i422.jpg 1 0 0 117 98
p/i421.jpg 1 0 0 134 111
p/i420.jpg 1 0 0 143 119
p/i419.jpg 1 0 0 140 117
p/i418.jpg 1 0 0 215 179
p/i417.jpg 1 0 0 131 110
p/i416.jpg 1 0 0 186 156
p/i415.jpg 1 0 0 215 179
p/i414.jpg 1 0 0 178 149
p/i413.jpg 1 0 0 170 141
p/i412.jpg 1 0 0 166 138
p/i411.jpg 1 0 0 208 173
p/i410.jpg 1 0 0 196 164
p/i409.jpg 1 0 0 161 135
p/i408.jpg 1 0 0 138 114
p/i407.jpg 1 0 0 126 106
p/i406.jpg 1 0 0 141 118
p/i405.jpg 1 0 0 138 115
p/i404.jpg 1 0 0 127 106
p/i403.jpg 1 0 0 152 126
p/i402.jpg 1 0 0 150 126
p/i401.jpg 1 0 0 142 118
p/i400.jpg 1 0 0 207 173
p/i399.jpg 1 0 0 148 123
p/i398.jpg 1 0 0 190 158
p/i397.jpg 1 0 0 238 198
p/i396.jpg 1 0 0 79 66
p/i395.jpg 1 0 0 79 66
p/i394.jpg 1 0 0 91 76
p/i393.jpg 1 0 0 107 90
p/i392.jpg 1 0 0 96 80
p/i391.jpg 1 0 0 105 88
p/i390.jpg 1 0 0 107 90
p/i389.jpg 1 0 0 113 95
p/i388.jpg 1 0 0 105 88
p/i387.jpg 1 0 0 95 80
p/i386.jpg 1 0 0 94 79
p/i385.jpg 1 0 0 100 83
p/i384.jpg 1 0 0 106 88
p/i383.jpg 1 0 0 96 80
p/i382.jpg 1 0 0 93 78
p/i381.jpg 1 0 0 111 93
p/i380.jpg 1 0 0 106 88
p/i379.jpg 1 0 0 128 107
p/i378.jpg 1 0 0 108 91
p/i377.jpg 1 0 0 102 85
p/i376.jpg 1 0 0 108 90
p/i375.jpg 1 0 0 103 87
p/i374.jpg 1 0 0 103 86
p/i373.jpg 1 0 0 126 105
p/i372.jpg 1 0 0 106 88
p/i371.jpg 1 0 0 154 128
p/i370.jpg 1 0 0 116 97
p/i369.jpg 1 0 0 113 95
p/i368.jpg 1 0 0 119 100
p/i367.jpg 1 0 0 111 93
p/i366.jpg 1 0 0 112 93
p/i365.jpg 1 0 0 120 101
p/i364.jpg 1 0 0 112 94
p/i363.jpg 1 0 0 113 94
p/i362.jpg 1 0 0 100 84
p/i361.jpg 1 0 0 113 95
p/i360.jpg 1 0 0 117 98
p/i359.jpg 1 0 0 122 102
p/i358.jpg 1 0 0 109 91
p/i357.jpg 1 0 0 122 102
p/i356.jpg 1 0 0 98 82
p/i355.jpg 1 0 0 100 84
p/i354.jpg 1 0 0 110 92
p/i353.jpg 1 0 0 93 78
p/i352.jpg 1 0 0 111 93
p/i351.jpg 1 0 0 127 106
p/i350.jpg 1 0 0 116 96
p/i349.jpg 1 0 0 110 92
p/i348.jpg 1 0 0 127 106
p/i347.jpg 1 0 0 226 188
p/i346.jpg 1 0 0 39 32
p/i345.jpg 1 0 0 62 52
p/i344.jpg 1 0 0 54 45
p/i343.jpg 1 0 0 53 44
p/i342.jpg 1 0 0 51 43
p/i341.jpg 1 0 0 54 45
p/i340.jpg 1 0 0 49 41
p/i339.jpg 1 0 0 55 46
p/i338.jpg 1 0 0 51 43
p/i337.jpg 1 0 0 55 46
p/i336.jpg 1 0 0 55 46
p/i335.jpg 1 0 0 53 45
p/i334.jpg 1 0 0 56 48
p/i333.jpg 1 0 0 58 48
p/i332.jpg 1 0 0 53 45
p/i331.jpg 1 0 0 54 44
p/i330.jpg 1 0 0 53 44
p/i329.jpg 1 0 0 54 45
p/i328.jpg 1 0 0 50 41
p/i327.jpg 1 0 0 55 45
p/i326.jpg 1 0 0 47 39
p/i325.jpg 1 0 0 57 47
p/i324.jpg 1 0 0 72 60
p/i323.jpg 1 0 0 178 149
p/i322.jpg 1 0 0 75 63
p/i321.jpg 1 0 0 116 96
p/i320.jpg 1 0 0 58 48
p/i319.jpg 1 0 0 60 50
p/i318.jpg 1 0 0 152 126
p/i317.jpg 1 0 0 174 145
p/i316.jpg 1 0 0 61 51
p/i315.jpg 1 0 0 238 198
p/i314.jpg 1 0 0 220 184
p/i313.jpg 1 0 0 226 189
p/i312.jpg 1 0 0 248 207
p/i311.jpg 1 0 0 60 50
p/i310.jpg 1 0 0 140 116
p/i309.jpg 1 0 0 147 122
p/i308.jpg 1 0 0 154 128
p/i307.jpg 1 0 0 103 87
p/i306.jpg 1 0 0 154 128
p/i305.jpg 1 0 0 147 122
p/i304.jpg 1 0 0 142 118
p/i303.jpg 1 0 0 147 123
p/i302.jpg 1 0 0 136 113
p/i301.jpg 1 0 0 150 125
p/i300.jpg 1 0 0 154 129
p/i299.jpg 1 0 0 149 124
p/i298.jpg 1 0 0 154 128
p/i297.jpg 1 0 0 172 143
p/i296.jpg 1 0 0 156 130
p/i295.jpg 1 0 0 169 141
p/i294.jpg 1 0 0 157 131
p/i293.jpg 1 0 0 160 134
p/i292.jpg 1 0 0 185 154
p/i291.jpg 1 0 0 186 156
p/i290.jpg 1 0 0 248 207
p/i289.jpg 1 0 0 192 160
p/i288.jpg 1 0 0 210 175
p/i287.jpg 1 0 0 216 180
p/i286.jpg 1 0 0 224 186
p/i285.jpg 1 0 0 213 177
p/i284.jpg 1 0 0 52 43
p/i283.jpg 1 0 0 54 45
p/i282.jpg 1 0 0 57 47
p/i281.jpg 1 0 0 57 47
p/i280.jpg 1 0 0 83 69
p/i279.jpg 1 0 0 73 61
p/i278.jpg 1 0 0 45 37
p/i277.jpg 1 0 0 143 119
p/i276.jpg 1 0 0 154 128
p/i275.jpg 1 0 0 130 108
p/i274.jpg 1 0 0 248 207
p/i273.jpg 1 0 0 147 122
p/i272.jpg 1 0 0 96 80
p/i271.jpg 1 0 0 91 76
p/i270.jpg 1 0 0 147 122
p/i269.jpg 1 0 0 216 180
p/i268.jpg 1 0 0 238 198
p/i267.jpg 1 0 0 197 164
p/i266.jpg 1 0 0 172 144
p/i265.jpg 1 0 0 248 207
p/i264.jpg 1 0 0 190 158
p/i263.jpg 1 0 0 300 250
p/i262.jpg 1 0 0 238 199
p/i261.jpg 1 0 0 226 185
p/i260.jpg 1 0 0 133 111
p/i259.jpg 1 0 0 147 122
p/i258.jpg 1 0 0 147 123
p/i257.jpg 1 0 0 147 122
p/i256.jpg 1 0 0 140 116
p/i255.jpg 1 0 0 104 87
p/i254.jpg 1 0 0 165 138
p/i253.jpg 1 0 0 178 148
p/i252.jpg 1 0 0 178 148
p/i251.jpg 1 0 0 58 48
p/i250.jpg 1 0 0 57 48
p/i249.jpg 1 0 0 57 47
p/i248.jpg 1 0 0 63 52
p/i247.jpg 1 0 0 55 46
p/i246.jpg 1 0 0 61 51
p/i245.jpg 1 0 0 61 51
p/i244.jpg 1 0 0 68 57
p/i243.jpg 1 0 0 72 60
p/i232.jpg 1 0 0 127 106
p/i230.jpg 1 0 0 127 106
p/i210.jpg 1 0 0 195 163
p/i209.jpg 1 0 0 70 59
p/i208.jpg 1 0 0 110 92
p/i207.jpg 1 0 0 127 106
p/i206.jpg 1 0 0 140 116
p/i205.jpg 1 0 0 83 69
p/i204.jpg 1 0 0 125 105
p/i203.jpg 1 0 0 96 80
p/i202.jpg 1 0 0 100 84
p/i201.jpg 1 0 0 147 122
p/i200.jpg 1 0 0 100 84
p/i199.jpg 1 0 0 94 79
p/i198.jpg 1 0 0 154 128
p/i197.jpg 1 0 0 127 106
p/i196.jpg 1 0 0 110 92
p/i195.jpg 1 0 0 110 92
p/i194.jpg 1 0 0 94 79
p/i193.jpg 1 0 0 78 65
p/i192.jpg 1 0 0 97 81
p/i191.jpg 1 0 0 87 72
p/i190.jpg 1 0 0 170 142
p/i189.jpg 1 0 0 110 92
p/i188.jpg 1 0 0 74 62
p/i187.jpg 1 0 0 96 80
p/i186.jpg 1 0 0 72 60
p/i185.jpg 1 0 0 100 84
p/i184.jpg 1 0 0 103 86
p/i183.jpg 1 0 0 60 50
p/i182.jpg 1 0 0 72 60
p/i181.jpg 1 0 0 68 58
p/i180.jpg 1 0 0 72 60
p/i179.jpg 1 0 0 105 88
p/i178.jpg 1 0 0 73 61
p/i177.jpg 1 0 0 98 82
p/i176.jpg 1 0 0 91 76
p/i175.jpg 1 0 0 170 142
p/i174.jpg 1 0 0 75 63
p/i173.jpg 1 0 0 116 97
p/i172.jpg 1 0 0 178 148
p/i171.jpg 1 0 0 117 98
p/i170.jpg 1 0 0 162 135
p/i169.jpg 1 0 0 111 93
p/i168.jpg 1 0 0 127 106
p/i167.jpg 1 0 0 105 88
p/i166.jpg 1 0 0 133 111
p/i165.jpg 1 0 0 170 142
p/i164.jpg 1 0 0 119 99
p/i163.jpg 1 0 0 106 89
p/i162.jpg 1 0 0 112 94
p/i161.jpg 1 0 0 120 100
p/i160.jpg 1 0 0 103 87
p/i159.jpg 1 0 0 147 122
p/i158.jpg 1 0 0 196 163
p/i157.jpg 1 0 0 139 116
p/i156.jpg 1 0 0 120 100
p/i155.jpg 1 0 0 110 92
p/i154.jpg 1 0 0 122 102
p/i153.jpg 1 0 0 72 60
p/i152.jpg 1 0 0 127 106
p/i151.jpg 1 0 0 128 107
p/i150.jpg 1 0 0 141 118
p/i149.jpg 1 0 0 144 120
p/i148.jpg 1 0 0 140 116
p/i147.jpg 1 0 0 138 116
p/i146.jpg 1 0 0 132 110
p/i145.jpg 1 0 0 129 107
p/i144.jpg 1 0 0 123 103
p/i143.jpg 1 0 0 128 106
p/i142.jpg 1 0 0 133 111
p/i141.jpg 1 0 0 153 128
p/i140.jpg 1 0 0 137 115
p/i139.jpg 1 0 0 162 135
p/i138.jpg 1 0 0 130 108
p/i137.jpg 1 0 0 142 118
p/i136.jpg 1 0 0 121 101
p/i135.jpg 1 0 0 139 116
p/i134.jpg 1 0 0 154 129
p/i133.jpg 1 0 0 161 135
p/i132.jpg 1 0 0 116 96
p/i131.jpg 1 0 0 51 43
p/i130.jpg 1 0 0 53 44
p/i129.jpg 1 0 0 57 47
p/i128.jpg 1 0 0 57 47
p/i127.jpg 1 0 0 57 47
p/i126.jpg 1 0 0 61 51
p/i125.jpg 1 0 0 56 47
p/i124.jpg 1 0 0 66 56
p/i123.jpg 1 0 0 60 50
p/i122.jpg 1 0 0 69 58
p/i121.jpg 1 0 0 61 51
p/i120.jpg 1 0 0 61 51
p/i119.jpg 1 0 0 67 56
p/i118.jpg 1 0 0 64 53
p/i117.jpg 1 0 0 69 57
p/i116.jpg 1 0 0 77 64
p/i115.jpg 1 0 0 64 53
p/i114.jpg 1 0 0 96 80
p/i113.jpg 1 0 0 75 63
p/i112.jpg 1 0 0 70 58
p/i111.jpg 1 0 0 91 76
p/i110.jpg 1 0 0 54 45
p/i109.jpg 1 0 0 77 64
p/i108.jpg 1 0 0 66 55
p/i107.jpg 1 0 0 78 65
p/i106.jpg 1 0 0 79 66
p/i105.jpg 1 0 0 57 47
p/i104.jpg 1 0 0 55 46
p/i103.jpg 1 0 0 58 48
p/i102.jpg 1 0 0 205 171
p/i101.jpg 1 0 0 57 47
p/i100.jpg 1 0 0 315 262
p/i99.jpg 1 0 0 330 275
p/i98.jpg 1 0 0 154 128
p/i97.jpg 1 0 0 178 148
p/i96.jpg 1 0 0 186 156
p/i95.jpg 1 0 0 184 154
p/i94.jpg 1 0 0 215 179
p/i93.jpg 1 0 0 172 144
p/i92.jpg 1 0 0 170 142
p/i91.jpg 1 0 0 226 188
p/i90.jpg 1 0 0 105 88
p/i89.jpg 1 0 0 140 116
p/i88.jpg 1 0 0 161 135
p/i87.jpg 1 0 0 130 108
p/i86.jpg 1 0 0 186 156
p/i85.jpg 1 0 0 197 164
p/i84.jpg 1 0 0 205 171
p/i83.jpg 1 0 0 36 30
p/i82.jpg 1 0 0 60 50
p/i81.jpg 1 0 0 41 34
p/i80.jpg 1 0 0 54 45
p/i79.jpg 1 0 0 49 41
p/i78.jpg 1 0 0 56 47
p/i77.jpg 1 0 0 58 48
p/i76.jpg 1 0 0 68 58
p/i75.jpg 1 0 0 65 54
p/i74.jpg 1 0 0 49 41
p/i73.jpg 1 0 0 62 52
p/i72.jpg 1 0 0 54 45
p/i71.jpg 1 0 0 58 48
p/i70.jpg 1 0 0 61 50
p/i69.jpg 1 0 0 57 48
p/i68.jpg 1 0 0 32 26
p/i67.jpg 1 0 0 62 52
p/i66.jpg 1 0 0 54 45
p/i65.jpg 1 0 0 62 52
p/i64.jpg 1 0 0 62 52
p/i63.jpg 1 0 0 72 60
p/i62.jpg 1 0 0 76 63
p/i61.jpg 1 0 0 75 63
p/i60.jpg 1 0 0 76 63
p/i59.jpg 1 0 0 81 68
p/i58.jpg 1 0 0 55 46
p/i57.jpg 1 0 0 83 69
p/i56.jpg 1 0 0 72 60
p/i55.jpg 1 0 0 49 41
p/i54.jpg 1 0 0 85 71
p/i53.jpg 1 0 0 54 45
p/i52.jpg 1 0 0 54 45
p/i51.jpg 1 0 0 43 35
p/i50.jpg 1 0 0 57 47
p/i49.jpg 1 0 0 62 52
p/i48.jpg 1 0 0 72 60
p/i47.jpg 1 0 0 51 43
p/i46.jpg 1 0 0 49 41
p/i45.jpg 1 0 0 55 46
p/i44.jpg 1 0 0 60 50
p/i43.jpg 1 0 0 110 92
p/i42.jpg 1 0 0 117 98
p/i41.jpg 1 0 0 216 180
p/i40.jpg 1 0 0 96 81
p/i39.jpg 1 0 0 95 79
p/i38.jpg 1 0 0 195 163
p/i37.jpg 1 0 0 60 50
p/i36.jpg 1 0 0 80 67
p/i35.jpg 1 0 0 66 55
p/i34.jpg 1 0 0 92 76
p/i33.jpg 1 0 0 140 116
p/i32.jpg 1 0 0 95 80
p/i31.jpg 1 0 0 104 87
p/i30.jpg 1 0 0 68 57
p/i29.jpg 1 0 0 187 156
p/i28.jpg 1 0 0 65 54
p/i27.jpg 1 0 0 110 92
p/i26.jpg 1 0 0 130 108
p/i25.jpg 1 0 0 236 197
p/i24.jpg 1 0 0 76 63
p/i23.jpg 1 0 0 106 88
p/i22.jpg 1 0 0 157 131
p/i21.jpg 1 0 0 261 218
p/i20.jpg 1 0 0 136 113
p/i19.jpg 1 0 0 69 57
p/i18.jpg 1 0 0 178 149
p/i17.jpg 1 0 0 72 61
p/i16.jpg 1 0 0 120 100
p/i15.jpg 1 0 0 77 64
p/i14.jpg 1 0 0 140 116
p/i13.jpg 1 0 0 252 210
p/i12.jpg 1 0 0 68 57
p/i11.jpg 1 0 0 139 116
p/i10.jpg 1 0 0 205 171
p/i9.jpg 1 0 0 117 98
p/i8.jpg 1 0 0 154 128
p/i7.jpg 1 0 0 78 65
p/i6.jpg 1 0 0 154 128
p/i5.jpg 1 0 0 85 71
p/i4.jpg 1 0 0 168 141
p/i3.jpg 1 0 0 182 152
p/i2.jpg 1 0 0 196 164
p/i1.jpg 1 0 0 184 153
p/1693561640087.jpg 1 0 0 92 39
p/1693552143402.jpg 1 0 0 1143 670
p/1693552115257.jpg 1 0 0 1238 635
p/images.jpg 1 0 0 271 186
p/5104218379_fe09b015c8.jpg 1 0 0 500 222
p/1693561667100.jpg 1 0 0 70 28
p/1693562268168.jpg 1 0 0 51 21
p/1693561248621.jpg 1 0 0 64 25
p/1693552167087.jpg 1 0 0 44 34
p/1693563075420.jpg 1 0 0 178 97
p/1693563058948.jpg 1 0 0 127 69
p/1693563040671.jpg 1 0 0 138 75
p/1693563028563.jpg 1 0 0 127 69
p/1693563011466.jpg 1 0 0 80 43
p/1693562999841.jpg 1 0 0 124 67
p/1693562988617.jpg 1 0 0 146 79
p/1693562976395.jpg 1 0 0 248 134
p/1693562966359.jpg 1 0 0 116 63
p/1693562943271.jpg 1 0 0 153 83
p/1693562921875.jpg 1 0 0 116 63
p/1693562899217.jpg 1 0 0 157 85
p/1693562880958.jpg 1 0 0 80 43
p/1693562875483.jpg 1 0 0 102 55
p/1693562866930.jpg 1 0 0 66 35
p/1693562858291.jpg 1 0 0 98 53
p/1693562847958.jpg 1 0 0 120 65
p/1693562840288.jpg 1 0 0 175 95
p/1693562829852.jpg 1 0 0 76 41
p/1693562826212.jpg 1 0 0 167 91
p/1693562813229.jpg 1 0 0 84 45
p/1693562805495.jpg 1 0 0 142 77
p/1693562792241.jpg 1 0 0 80 43
p/1693562787574.jpg 1 0 0 76 41
p/1693562778298.jpg 1 0 0 138 75
p/1693562760067.jpg 1 0 0 178 97
p/1693562741586.jpg 1 0 0 153 83
p/1693562733317.jpg 1 0 0 120 65
p/1693562723223.jpg 1 0 0 157 85
p/1693562715457.jpg 1 0 0 226 122
p/1693562701626.jpg 1 0 0 102 55
p/1693562693870.jpg 1 0 0 106 57
p/1693562681085.jpg 1 0 0 109 59
p/1693562676037.jpg 1 0 0 135 73
p/1693562656225.jpg 1 0 0 95 51
p/1693562645616.jpg 1 0 0 222 120
p/1693562638621.jpg 1 0 0 124 67
p/1693562629238.jpg 1 0 0 120 65
p/1693562624587.jpg 1 0 0 153 83
p/1693562616157.jpg 1 0 0 153 83
p/1693562606345.jpg 1 0 0 102 55
p/1693562598645.jpg 1 0 0 138 75
p/1693562588564.jpg 1 0 0 167 91
p/1693562575069.jpg 1 0 0 98 53
p/1693562565249.jpg 1 0 0 76 41
p/1693562553356.jpg 1 0 0 149 81
p/1693562539618.jpg 1 0 0 76 41
p/1693562523542.jpg 1 0 0 84 45
p/1693562507674.jpg 1 0 0 102 55
p/1693562477598.jpg 1 0 0 73 39
p/1693562466502.jpg 1 0 0 87 47
p/1693562462267.jpg 1 0 0 113 61
p/1693562451775.jpg 1 0 0 113 61
p/1693562400376.jpg 1 0 0 207 112
p/1693562373940.jpg 1 0 0 167 91
p/1693562340839.jpg 1 0 0 138 75
p/1693562295676.jpg 1 0 0 160 87
p/1693562238704.jpg 1 0 0 157 85
p/1693562213718.jpg 1 0 0 189 103
p/1693562188247.jpg 1 0 0 80 43
p/1693562167778.jpg 1 0 0 73 39
p/1693562140614.jpg 1 0 0 248 134
p/1693562125062.jpg 1 0 0 244 132
p/1693562102901.jpg 1 0 0 255 138
p/1693562064792.jpg 1 0 0 80 43
p/1693562051141.jpg 1 0 0 251 136
p/1693562035019.jpg 1 0 0 91 49
p/1693562020911.jpg 1 0 0 284 154
p/1693562004600.jpg 1 0 0 157 85
p/1693561993218.jpg 1 0 0 193 105
p/1693561979177.jpg 1 0 0 237 128
p/1693561964745.jpg 1 0 0 200 108
p/1693561949762.jpg 1 0 0 146 79
p/1693561915141.jpg 1 0 0 215 89
p/1693561881502.jpg 1 0 0 84 35
p/1693561871813.jpg 1 0 0 138 58
p/1693561846111.jpg 1 0 0 186 77
p/1693561826632.jpg 1 0 0 186 77
p/1693561809633.jpg 1 0 0 73 30
p/1693561785728.jpg 1 0 0 255 106
p/1693561759766.jpg 1 0 0 64 27
p/1693561735166.jpg 1 0 0 73 30
p/1693561680294.jpg 1 0 0 80 50
p/1693561646157.jpg 1 0 0 164 102
p/1693561626239.jpg 1 0 0 66 41
p/1693561606560.jpg 1 0 0 207 130
p/1693561573010.jpg 1 0 0 95 59
p/1693561554441.jpg 1 0 0 62 39
p/1693561545914.jpg 1 0 0 146 91
p/1693561521059.jpg 1 0 0 84 52
p/1693561508274.jpg 1 0 0 138 86
p/1693561501744.jpg 1 0 0 142 89
p/1693561238456.jpg 1 0 0 51 51
p/1693561231069.jpg 1 0 0 56 56
p/1693561204504.jpg 1 0 0 171 171
p/1693560667794.jpg 1 0 0 158 158
p/1693560610719.jpg 1 0 0 123 123
p/1693560574108.jpg 1 0 0 107 107
p/1693560536747.jpg 1 0 0 132 132
p/1693552239071.jpg 1 0 0 161 161
p/1693552208047.jpg 1 0 0 110 110
p/1693552172025.jpg 1 0 0 110 110
p/sPlate.jpg 1 0 0 109 108